# JRE version: OpenJDK Runtime Environment Temurin-17.0.3+7 (17.0.3+7) (build 17.0.3+7)
# Java VM: OpenJDK 64-Bit Server VM Temurin-17.0.3+7 (17.0.3+7, mixed mode, sharing, tiered, compressed oops, compressed class ptrs, g1 gc, linux-amd64)
GC Precious Log:
 CPUs: 6 total, 6 available
 Memory: 7952M
 Large Page Support: Disabled
 NUMA Support: Disabled
 Compressed Oops: Enabled (32-bit)
 Heap Region Size: 1M
 Heap Min Capacity: 8M
 Heap Initial Capacity: 126M
 Heap Max Capacity: 1990M
 Pre-touch: Disabled
 Parallel Workers: 6
 Concurrent Workers: 2
 Concurrent Refinement Workers: 6
 Periodic GC: Disabled
Heap:
 garbage-first heap   total 177152K, used 79075K [0x0000000083a00000, 0x0000000100000000)
  region size 1024K, 73 young (74752K), 5 survivors (5120K)
 Metaspace       used 7773K, committed 8000K, reserved 1064960K
  class space    used 887K, committed 1024K, reserved 1048576K
GC Heap History (14 events):
Event: 0,494 GC heap before
{Heap before GC invocations=0 (full 0):
 garbage-first heap   total 131072K, used 24544K [0x0000000083a00000, 0x0000000100000000)
  region size 1024K, 21 young (21504K), 0 survivors (0K)
 Metaspace       used 4191K, committed 4352K, reserved 1056768K
  class space    used 520K, committed 576K, reserved 1048576K
}
Event: 0,498 GC heap after
{Heap after GC invocations=1 (full 0):
 garbage-first heap   total 131072K, used 5645K [0x0000000083a00000, 0x0000000100000000)
  region size 1024K, 3 young (3072K), 3 survivors (3072K)
 Metaspace       used 4191K, committed 4352K, reserved 1056768K
  class space    used 520K, committed 576K, reserved 1048576K
}
Event: 0,664 GC heap before
{Heap before GC invocations=1 (full 0):
 garbage-first heap   total 131072K, used 40461K [0x0000000083a00000, 0x0000000100000000)
  region size 1024K, 37 young (37888K), 3 survivors (3072K)
 Metaspace       used 4923K, committed 5120K, reserved 1056768K
  class space    used 593K, committed 704K, reserved 1048576K
}
Event: 0,668 GC heap after
{Heap after GC invocations=2 (full 0):
 garbage-first heap   total 131072K, used 6678K [0x0000000083a00000, 0x0000000100000000)
  region size 1024K, 4 young (4096K), 4 survivors (4096K)
 Metaspace       used 4923K, committed 5120K, reserved 1056768K
  class space    used 593K, committed 704K, reserved 1048576K
}
Event: 0,874 GC heap before
{Heap before GC invocations=2 (full 0):
 garbage-first heap   total 131072K, used 79382K [0x0000000083a00000, 0x0000000100000000)
  region size 1024K, 75 young (76800K), 4 survivors (4096K)
 Metaspace       used 5064K, committed 5184K, reserved 1056768K
  class space    used 595K, committed 704K, reserved 1048576K
}
Event: 0,879 GC heap after
{Heap after GC invocations=3 (full 0):
 garbage-first heap   total 131072K, used 7507K [0x0000000083a00000, 0x0000000100000000)
  region size 1024K, 5 young (5120K), 5 survivors (5120K)
 Metaspace       used 5064K, committed 5184K, reserved 1056768K
  class space    used 595K, committed 704K, reserved 1048576K
}
Event: 1,011 GC heap before
{Heap before GC invocations=3 (full 0):
 garbage-first heap   total 131072K, used 79187K [0x0000000083a00000, 0x0000000100000000)
  region size 1024K, 75 young (76800K), 5 survivors (5120K)
 Metaspace       used 5235K, committed 5376K, reserved 1056768K
  class space    used 599K, committed 704K, reserved 1048576K
}
Event: 1,017 GC heap after
{Heap after GC invocations=4 (full 0):
 garbage-first heap   total 131072K, used 8397K [0x0000000083a00000, 0x0000000100000000)
  region size 1024K, 6 young (6144K), 6 survivors (6144K)
 Metaspace       used 5235K, committed 5376K, reserved 1056768K
  class space    used 599K, committed 704K, reserved 1048576K
}
Event: 1,140 GC heap before
{Heap before GC invocations=4 (full 0):
 garbage-first heap   total 131072K, used 79053K [0x0000000083a00000, 0x0000000100000000)
  region size 1024K, 75 young (76800K), 6 survivors (6144K)
 Metaspace       used 5305K, committed 5504K, reserved 1056768K
  class space    used 599K, committed 704K, reserved 1048576K
}
Event: 1,148 GC heap after
{Heap after GC invocations=5 (full 0):
 garbage-first heap   total 131072K, used 9491K [0x0000000083a00000, 0x0000000100000000)
  region size 1024K, 7 young (7168K), 7 survivors (7168K)
 Metaspace       used 5305K, committed 5504K, reserved 1056768K
  class space    used 599K, committed 704K, reserved 1048576K
}
Event: 1,228 GC heap before
{Heap before GC invocations=5 (full 0):
 garbage-first heap   total 131072K, used 79123K [0x0000000083a00000, 0x0000000100000000)
  region size 1024K, 75 young (76800K), 7 survivors (7168K)
 Metaspace       used 5328K, committed 5504K, reserved 1056768K
  class space    used 599K, committed 704K, reserved 1048576K
}
Event: 1,235 GC heap after
{Heap after GC invocations=6 (full 0):
 garbage-first heap   total 177152K, used 9999K [0x0000000083a00000, 0x0000000100000000)
  region size 1024K, 5 young (5120K), 5 survivors (5120K)
 Metaspace       used 5328K, committed 5504K, reserved 1056768K
  class space    used 599K, committed 704K, reserved 1048576K
}
Event: 1,405 GC heap before
{Heap before GC invocations=6 (full 0):
 garbage-first heap   total 177152K, used 110351K [0x0000000083a00000, 0x0000000100000000)
  region size 1024K, 103 young (105472K), 5 survivors (5120K)
 Metaspace       used 5408K, committed 5632K, reserved 1056768K
  class space    used 599K, committed 704K, reserved 1048576K
}
Event: 1,409 GC heap after
{Heap after GC invocations=7 (full 0):
 garbage-first heap   total 177152K, used 10467K [0x0000000083a00000, 0x0000000100000000)
  region size 1024K, 5 young (5120K), 5 survivors (5120K)
 Metaspace       used 5408K, committed 5632K, reserved 1056768K
  class space    used 599K, committed 704K, reserved 1048576K
}

